<?xml version="1.0" encoding="UTF-8"?>
<!-- Generated by org.testng.reporters.JUnitXMLReporter -->
<testsuite ignored="0" hostname="DESKTOP-C200903" failures="0" tests="5" name="Surefire test" time="0.232" errors="0" timestamp="2023-11-07T09:07:41 IST">
  <testcase classname="ece.UserValidationTest" name="testCase1" time="0.051"/>
  <testcase classname="ece.UserValidationTest" name="testCase2" time="0.002"/>
  <testcase classname="ece.UserValidationTest" name="testCase3" time="0.002"/>
  <testcase classname="ece.UserValidationTest" name="testCase4" time="0.001"/>
  <testcase classname="ece.UserValidationTest" name="testCase5" time="0.002"/>
</testsuite> <!-- Surefire test -->
